Using pre-set license
Built from '2021.1/staging' branch; Version is '2021.1.13f1 (a03098edbbe0) revision 10498200'; Using compiler version '192528614'; Build Type 'Release'
<<<<<<< Updated upstream
OS: 'Windows 10 Pro for Workstations; OS build 19042.1110; Version 2009; 64bit' Language: 'en' Physical Memory: 32574 MB
=======
OS: 'Windows 10 Home; OS build 19042.1110; Version 2009; 64bit' Language: 'en' Physical Memory: 16334 MB
>>>>>>> Stashed changes
BatchMode: 1, IsHumanControllingUs: 0, StartBugReporterOnCrash: 0, Is64bit: 1, IsPro: 0

 COMMAND LINE ARGUMENTS:
C:\Program Files\Unity\Hub\Editor\2021.1.13f1\Editor\Unity.exe
-adb2
-batchMode
-noUpm
-name
AssetImportWorker0
-projectPath
<<<<<<< Updated upstream
C:/Users/JKM-1/OneDrive/Documents/GitHub/TheAdventureGamefor2DGP
-logFile
Logs/AssetImportWorker0.log
-srvPort
51869
Successfully changed project path to: C:/Users/JKM-1/OneDrive/Documents/GitHub/TheAdventureGamefor2DGP
C:/Users/JKM-1/OneDrive/Documents/GitHub/TheAdventureGamefor2DGP
Using Asset Import Pipeline V2.
Refreshing native plugins compatible for Editor in 179.21 ms, found 4 plugins.
Preloading 0 native plugins for Editor in 0.00 ms.
Initialize engine version: 2021.1.13f1 (a03098edbbe0)
[Subsystems] Discovering subsystems at path C:/Program Files/Unity/Hub/Editor/2021.1.13f1/Editor/Data/Resources/UnitySubsystems
[Subsystems] Discovering subsystems at path C:/Users/JKM-1/OneDrive/Documents/GitHub/TheAdventureGamefor2DGP/Assets
GfxDevice: creating device client; threaded=0; jobified=0
Direct3D:
    Version:  Direct3D 11.0 [level 11.1]
    Renderer: NVIDIA Quadro P1000 (ID=0x1cbb)
    Vendor:   NVIDIA
    VRAM:     4019 MB
    Driver:   27.21.14.5296
=======
D:/UniBackup/2DGameProgramming/FinalAssessment_FNF/TheAdventureGamefor2DGP
-logFile
Logs/AssetImportWorker0.log
-srvPort
55237
Successfully changed project path to: D:/UniBackup/2DGameProgramming/FinalAssessment_FNF/TheAdventureGamefor2DGP
D:/UniBackup/2DGameProgramming/FinalAssessment_FNF/TheAdventureGamefor2DGP
Using Asset Import Pipeline V2.
Refreshing native plugins compatible for Editor in 132.66 ms, found 4 plugins.
Preloading 0 native plugins for Editor in 0.00 ms.
Initialize engine version: 2021.1.13f1 (a03098edbbe0)
[Subsystems] Discovering subsystems at path C:/Program Files/Unity/Hub/Editor/2021.1.13f1/Editor/Data/Resources/UnitySubsystems
[Subsystems] Discovering subsystems at path D:/UniBackup/2DGameProgramming/FinalAssessment_FNF/TheAdventureGamefor2DGP/Assets
GfxDevice: creating device client; threaded=0; jobified=0
Direct3D:
    Version:  Direct3D 11.0 [level 11.1]
    Renderer: AMD Radeon RX 5700 (ID=0x731f)
    Vendor:   ATI
    VRAM:     8151 MB
    Driver:   27.20.22001.14011
>>>>>>> Stashed changes
Initialize mono
Mono path[0] = 'C:/Program Files/Unity/Hub/Editor/2021.1.13f1/Editor/Data/Managed'
Mono path[1] = 'C:/Program Files/Unity/Hub/Editor/2021.1.13f1/Editor/Data/MonoBleedingEdge/lib/mono/unityjit'
Mono config path = 'C:/Program Files/Unity/Hub/Editor/2021.1.13f1/Editor/Data/MonoBleedingEdge/etc'
<<<<<<< Updated upstream
Using monoOptions --debugger-agent=transport=dt_socket,embedding=1,server=y,suspend=n,address=127.0.0.1:56016
Begin MonoManager ReloadAssembly
Registering precompiled unity dll's ...
Register platform support module: C:/Program Files/Unity/Hub/Editor/2021.1.13f1/Editor/Data/PlaybackEngines/WindowsStandaloneSupport/UnityEditor.WindowsStandalone.Extensions.dll
Registered in 0.002650 seconds.
Native extension for WindowsStandalone target not found
Refreshing native plugins compatible for Editor in 146.97 ms, found 4 plugins.
Preloading 0 native plugins for Editor in 0.00 ms.
Mono: successfully reloaded assembly
- Completed reload, in  1.745 seconds
Domain Reload Profiling:
	ReloadAssembly (1745ms)
		BeginReloadAssembly (76ms)
=======
Using monoOptions --debugger-agent=transport=dt_socket,embedding=1,server=y,suspend=n,address=127.0.0.1:56536
Begin MonoManager ReloadAssembly
Registering precompiled unity dll's ...
Register platform support module: C:/Program Files/Unity/Hub/Editor/2021.1.13f1/Editor/Data/PlaybackEngines/WindowsStandaloneSupport/UnityEditor.WindowsStandalone.Extensions.dll
Registered in 0.004558 seconds.
Native extension for WindowsStandalone target not found
Refreshing native plugins compatible for Editor in 131.71 ms, found 4 plugins.
Preloading 0 native plugins for Editor in 0.00 ms.
Mono: successfully reloaded assembly
- Completed reload, in  2.039 seconds
Domain Reload Profiling:
	ReloadAssembly (2039ms)
		BeginReloadAssembly (85ms)
>>>>>>> Stashed changes
			ExecutionOrderSort (0ms)
			DisableScriptedObjects (0ms)
			BackupInstance (0ms)
			ReleaseScriptingObjects (0ms)
			CreateAndSetChildDomain (1ms)
<<<<<<< Updated upstream
		EndReloadAssembly (690ms)
			LoadAssemblies (73ms)
			RebuildTransferFunctionScriptingTraits (0ms)
			SetupTypeCache (244ms)
			ReleaseScriptCaches (0ms)
			RebuildScriptCaches (46ms)
			SetupLoadedEditorAssemblies (334ms)
				LogAssemblyErrors (0ms)
				InitializePlatformSupportModulesInManaged (8ms)
				SetLoadedEditorAssemblies (0ms)
				RefreshPlugins (147ms)
				BeforeProcessingInitializeOnLoad (2ms)
				ProcessInitializeOnLoadAttributes (135ms)
				ProcessInitializeOnLoadMethodAttributes (42ms)
=======
		EndReloadAssembly (602ms)
			LoadAssemblies (80ms)
			RebuildTransferFunctionScriptingTraits (0ms)
			SetupTypeCache (201ms)
			ReleaseScriptCaches (0ms)
			RebuildScriptCaches (34ms)
			SetupLoadedEditorAssemblies (305ms)
				LogAssemblyErrors (0ms)
				InitializePlatformSupportModulesInManaged (8ms)
				SetLoadedEditorAssemblies (0ms)
				RefreshPlugins (132ms)
				BeforeProcessingInitializeOnLoad (2ms)
				ProcessInitializeOnLoadAttributes (126ms)
				ProcessInitializeOnLoadMethodAttributes (37ms)
>>>>>>> Stashed changes
				AfterProcessingInitializeOnLoad (0ms)
				EditorAssembliesLoaded (0ms)
			ExecutionOrderSort2 (0ms)
			AwakeInstancesAfterBackupRestoration (0ms)
Platform modules already initialized, skipping
Registering precompiled user dll's ...
<<<<<<< Updated upstream
Registered in 0.008257 seconds.
Begin MonoManager ReloadAssembly
Symbol file LoadedFromMemory doesn't match image C:\Users\JKM-1\OneDrive\Documents\GitHub\TheAdventureGamefor2DGP\Library\PackageCache\com.unity.visualscripting@1.6.1\Editor\VisualScripting.Core\Dependencies\YamlDotNet\Unity.VisualScripting.YamlDotNet.dll
Symbol file LoadedFromMemory doesn't match image C:\Users\JKM-1\OneDrive\Documents\GitHub\TheAdventureGamefor2DGP\Library\PackageCache\com.unity.visualscripting@1.6.1\Editor\VisualScripting.Core\Dependencies\DotNetZip\Unity.VisualScripting.IonicZip.dll
Native extension for WindowsStandalone target not found
Refreshing native plugins compatible for Editor in 142.76 ms, found 4 plugins.
Preloading 0 native plugins for Editor in 0.00 ms.
Mono: successfully reloaded assembly
- Completed reload, in  2.014 seconds
Domain Reload Profiling:
	ReloadAssembly (2015ms)
		BeginReloadAssembly (266ms)
=======
Registered in 0.014752 seconds.
Begin MonoManager ReloadAssembly
Symbol file LoadedFromMemory doesn't match image D:\UniBackup\2DGameProgramming\FinalAssessment_FNF\TheAdventureGamefor2DGP\Library\PackageCache\com.unity.visualscripting@1.6.1\Editor\VisualScripting.Core\Dependencies\YamlDotNet\Unity.VisualScripting.YamlDotNet.dll
Symbol file LoadedFromMemory doesn't match image D:\UniBackup\2DGameProgramming\FinalAssessment_FNF\TheAdventureGamefor2DGP\Library\PackageCache\com.unity.visualscripting@1.6.1\Editor\VisualScripting.Core\Dependencies\DotNetZip\Unity.VisualScripting.IonicZip.dll
Native extension for WindowsStandalone target not found
Refreshing native plugins compatible for Editor in 131.43 ms, found 4 plugins.
Preloading 0 native plugins for Editor in 0.00 ms.
Mono: successfully reloaded assembly
- Completed reload, in  1.777 seconds
Domain Reload Profiling:
	ReloadAssembly (1778ms)
		BeginReloadAssembly (200ms)
>>>>>>> Stashed changes
			ExecutionOrderSort (0ms)
			DisableScriptedObjects (6ms)
			BackupInstance (0ms)
			ReleaseScriptingObjects (0ms)
<<<<<<< Updated upstream
			CreateAndSetChildDomain (32ms)
		EndReloadAssembly (1649ms)
			LoadAssemblies (153ms)
			RebuildTransferFunctionScriptingTraits (0ms)
			SetupTypeCache (586ms)
			ReleaseScriptCaches (1ms)
			RebuildScriptCaches (79ms)
			SetupLoadedEditorAssemblies (679ms)
				LogAssemblyErrors (0ms)
				InitializePlatformSupportModulesInManaged (6ms)
				SetLoadedEditorAssemblies (0ms)
				RefreshPlugins (143ms)
				BeforeProcessingInitializeOnLoad (125ms)
				ProcessInitializeOnLoadAttributes (373ms)
				ProcessInitializeOnLoadMethodAttributes (21ms)
				AfterProcessingInitializeOnLoad (10ms)
				EditorAssembliesLoaded (0ms)
			ExecutionOrderSort2 (0ms)
			AwakeInstancesAfterBackupRestoration (10ms)
Platform modules already initialized, skipping
========================================================================
Worker process is ready to serve import requests
Launched and connected shader compiler UnityShaderCompiler.exe after 0.06 seconds
Refreshing native plugins compatible for Editor in 0.92 ms, found 4 plugins.
Preloading 0 native plugins for Editor in 0.00 ms.
Unloading 3718 Unused Serialized files (Serialized files now loaded: 0)
System memory in use before: 139.6 MB.
System memory in use after: 139.9 MB.

Unloading 32 unused Assets to reduce memory usage. Loaded Objects now: 4167.
Total: 4.233400 ms (FindLiveObjects: 0.363200 ms CreateObjectMapping: 0.255800 ms MarkObjects: 3.519400 ms  DeleteObjects: 0.093300 ms)
=======
			CreateAndSetChildDomain (23ms)
		EndReloadAssembly (1490ms)
			LoadAssemblies (138ms)
			RebuildTransferFunctionScriptingTraits (0ms)
			SetupTypeCache (450ms)
			ReleaseScriptCaches (1ms)
			RebuildScriptCaches (67ms)
			SetupLoadedEditorAssemblies (714ms)
				LogAssemblyErrors (0ms)
				InitializePlatformSupportModulesInManaged (5ms)
				SetLoadedEditorAssemblies (0ms)
				RefreshPlugins (241ms)
				BeforeProcessingInitializeOnLoad (117ms)
				ProcessInitializeOnLoadAttributes (313ms)
				ProcessInitializeOnLoadMethodAttributes (20ms)
				AfterProcessingInitializeOnLoad (18ms)
				EditorAssembliesLoaded (0ms)
			ExecutionOrderSort2 (0ms)
			AwakeInstancesAfterBackupRestoration (11ms)
Platform modules already initialized, skipping
========================================================================
Worker process is ready to serve import requests
Launched and connected shader compiler UnityShaderCompiler.exe after 0.07 seconds
Refreshing native plugins compatible for Editor in 0.87 ms, found 4 plugins.
Preloading 0 native plugins for Editor in 0.00 ms.
Unloading 3718 Unused Serialized files (Serialized files now loaded: 0)
System memory in use before: 140.5 MB.
System memory in use after: 140.6 MB.

Unloading 37 unused Assets to reduce memory usage. Loaded Objects now: 4164.
Total: 3.333200 ms (FindLiveObjects: 0.371500 ms CreateObjectMapping: 0.093500 ms MarkObjects: 2.711100 ms  DeleteObjects: 0.155600 ms)
>>>>>>> Stashed changes

AssetImportParameters requested are different than current active one (requested -> active):
  custom:framework-win-MediaFoundation: 216162199b28c13a410421893ffa2e32 -> 
  custom:video-decoder-ogg-theora: a1e56fd34408186e4bbccfd4996cb3dc -> 
  custom:container-muxer-webm: aa71ff27fc2769a1b78a27578f13a17b -> 
  custom:container-demuxer-webm: 4f35f7cbe854078d1ac9338744f61a02 -> 
  custom:container-demuxer-ogg: 62fdf1f143b41e24485cea50d1cbac27 -> 
  custom:video-encoder-webm-vp8: eb34c28f22e8b96e1ab97ce403110664 -> 
  custom:video-decoder-webm-vp8: 9c59270c3fd7afecdb556c50c9e8de78 -> 
  custom:audio-decoder-ogg-vorbis: bf7c407c2cedff20999df2af8eb42d56 -> 
  custom:audio-encoder-webm-vorbis: bf7c407c2cedff20999df2af8eb42d56 -> 
<<<<<<< Updated upstream
========================================================================
Received Import Request.
  path: Assets/Scenes/Level_tileset.prefab
  artifactKey: Guid(22b0fb207128ad44092d8243af56cd46) Importer(815301076,1909f56bfc062723c751e8b465ee728b)
Start importing Assets/Scenes/Level_tileset.prefab using Guid(22b0fb207128ad44092d8243af56cd46) Importer(815301076,1909f56bfc062723c751e8b465ee728b)  -> (artifact id: '337b1e3827f6d615c9b12d90ef648fd1') in 0.143808 seconds 
=======
AssetImportWorkerClient::OnTransportError - code=2 error=End of file
>>>>>>> Stashed changes
